# JRE version: OpenJDK Runtime Environment (7.0_75-b13) (build 1.7.0_75-b13)
# Java VM: OpenJDK 64-Bit Server VM (24.75-b04 mixed mode linux-amd64 compressed oops)
Heap
 PSYoungGen      total 215552K, used 183762K [0x00000000eaa80000, 0x00000000fdc00000, 0x0000000100000000)
  eden space 178688K, 82% used [0x00000000eaa80000,0x00000000f3a29968,0x00000000f5900000)
  from space 36864K, 99% used [0x00000000f5f80000,0x00000000f834b1a0,0x00000000f8380000)
  to   space 67072K, 0% used [0x00000000f9a80000,0x00000000f9a80000,0x00000000fdc00000)
 ParOldGen       total 234496K, used 185981K [0x00000000c0000000, 0x00000000ce500000, 0x00000000eaa80000)
  object space 234496K, 79% used [0x00000000c0000000,0x00000000cb59f708,0x00000000ce500000)
 PSPermGen       total 194048K, used 166635K [0x00000000b0000000, 0x00000000bbd80000, 0x00000000c0000000)
  object space 194048K, 85% used [0x00000000b0000000,0x00000000ba2bada0,0x00000000bbd80000)
GC Heap History (10 events):
Event: 771,631 GC heap before
{Heap before GC invocations=28 (full 6):
 PSYoungGen      total 264704K, used 149602K [0x00000000eaa80000, 0x0000000100000000, 0x0000000100000000)
  eden space 211456K, 45% used [0x00000000eaa80000,0x00000000f0910b00,0x00000000f7900000)
  from space 53248K, 99% used [0x00000000f8100000,0x00000000fb487e50,0x00000000fb500000)
  to   space 71680K, 0% used [0x00000000fba00000,0x00000000fba00000,0x0000000100000000)
 ParOldGen       total 234496K, used 143342K [0x00000000c0000000, 0x00000000ce500000, 0x00000000eaa80000)
  object space 234496K, 61% used [0x00000000c0000000,0x00000000c8bfbb50,0x00000000ce500000)
 PSPermGen       total 147968K, used 140301K [0x00000000b0000000, 0x00000000b9080000, 0x00000000c0000000)
  object space 147968K, 94% used [0x00000000b0000000,0x00000000b89037b0,0x00000000b9080000)
Event: 771,675 GC heap after
Heap after GC invocations=28 (full 6):
 PSYoungGen      total 270848K, used 49396K [0x00000000eaa80000, 0x0000000100000000, 0x0000000100000000)
  eden space 199168K, 0% used [0x00000000eaa80000,0x00000000eaa80000,0x00000000f6d00000)
  from space 71680K, 68% used [0x00000000fba00000,0x00000000fea3d308,0x0000000100000000)
  to   space 75264K, 0% used [0x00000000f6d00000,0x00000000f6d00000,0x00000000fb680000)
 ParOldGen       total 234496K, used 143342K [0x00000000c0000000, 0x00000000ce500000, 0x00000000eaa80000)
  object space 234496K, 61% used [0x00000000c0000000,0x00000000c8bfbb50,0x00000000ce500000)
 PSPermGen       total 147968K, used 140301K [0x00000000b0000000, 0x00000000b9080000, 0x00000000c0000000)
  object space 147968K, 94% used [0x00000000b0000000,0x00000000b89037b0,0x00000000b9080000)
}
Event: 771,675 GC heap before
{Heap before GC invocations=29 (full 7):
 PSYoungGen      total 270848K, used 49396K [0x00000000eaa80000, 0x0000000100000000, 0x0000000100000000)
  eden space 199168K, 0% used [0x00000000eaa80000,0x00000000eaa80000,0x00000000f6d00000)
  from space 71680K, 68% used [0x00000000fba00000,0x00000000fea3d308,0x0000000100000000)
  to   space 75264K, 0% used [0x00000000f6d00000,0x00000000f6d00000,0x00000000fb680000)
 ParOldGen       total 234496K, used 143342K [0x00000000c0000000, 0x00000000ce500000, 0x00000000eaa80000)
  object space 234496K, 61% used [0x00000000c0000000,0x00000000c8bfbb50,0x00000000ce500000)
 PSPermGen       total 147968K, used 140301K [0x00000000b0000000, 0x00000000b9080000, 0x00000000c0000000)
  object space 147968K, 94% used [0x00000000b0000000,0x00000000b89037b0,0x00000000b9080000)
Event: 772,821 GC heap after
Heap after GC invocations=29 (full 7):
 PSYoungGen      total 270848K, used 0K [0x00000000eaa80000, 0x0000000100000000, 0x0000000100000000)
  eden space 199168K, 0% used [0x00000000eaa80000,0x00000000eaa80000,0x00000000f6d00000)
  from space 71680K, 0% used [0x00000000fba00000,0x00000000fba00000,0x0000000100000000)
  to   space 75264K, 0% used [0x00000000f6d00000,0x00000000f6d00000,0x00000000fb680000)
 ParOldGen       total 234496K, used 185981K [0x00000000c0000000, 0x00000000ce500000, 0x00000000eaa80000)
  object space 234496K, 79% used [0x00000000c0000000,0x00000000cb59f708,0x00000000ce500000)
 PSPermGen       total 194048K, used 140140K [0x00000000b0000000, 0x00000000bbd80000, 0x00000000c0000000)
  object space 194048K, 72% used [0x00000000b0000000,0x00000000b88db1e0,0x00000000bbd80000)
}
Event: 822,014 GC heap before
{Heap before GC invocations=30 (full 7):
 PSYoungGen      total 270848K, used 199168K [0x00000000eaa80000, 0x0000000100000000, 0x0000000100000000)
  eden space 199168K, 100% used [0x00000000eaa80000,0x00000000f6d00000,0x00000000f6d00000)
  from space 71680K, 0% used [0x00000000fba00000,0x00000000fba00000,0x0000000100000000)
  to   space 75264K, 0% used [0x00000000f6d00000,0x00000000f6d00000,0x00000000fb680000)
 ParOldGen       total 234496K, used 185981K [0x00000000c0000000, 0x00000000ce500000, 0x00000000eaa80000)
  object space 234496K, 79% used [0x00000000c0000000,0x00000000cb59f708,0x00000000ce500000)
 PSPermGen       total 194048K, used 148196K [0x00000000b0000000, 0x00000000bbd80000, 0x00000000c0000000)
  object space 194048K, 76% used [0x00000000b0000000,0x00000000b90b9198,0x00000000bbd80000)
Event: 822,037 GC heap after
Heap after GC invocations=30 (full 7):
 PSYoungGen      total 215040K, used 22833K [0x00000000eaa80000, 0x00000000ff300000, 0x0000000100000000)
  eden space 192000K, 0% used [0x00000000eaa80000,0x00000000eaa80000,0x00000000f6600000)
  from space 23040K, 99% used [0x00000000f6d00000,0x00000000f834c4f8,0x00000000f8380000)
  to   space 72192K, 0% used [0x00000000fac80000,0x00000000fac80000,0x00000000ff300000)
 ParOldGen       total 234496K, used 185981K [0x00000000c0000000, 0x00000000ce500000, 0x00000000eaa80000)
  object space 234496K, 79% used [0x00000000c0000000,0x00000000cb59f708,0x00000000ce500000)
 PSPermGen       total 194048K, used 148196K [0x00000000b0000000, 0x00000000bbd80000, 0x00000000c0000000)
  object space 194048K, 76% used [0x00000000b0000000,0x00000000b90b9198,0x00000000bbd80000)
}
Event: 854,087 GC heap before
{Heap before GC invocations=31 (full 7):
 PSYoungGen      total 215040K, used 214833K [0x00000000eaa80000, 0x00000000ff300000, 0x0000000100000000)
  eden space 192000K, 100% used [0x00000000eaa80000,0x00000000f6600000,0x00000000f6600000)
  from space 23040K, 99% used [0x00000000f6d00000,0x00000000f834c4f8,0x00000000f8380000)
  to   space 72192K, 0% used [0x00000000fac80000,0x00000000fac80000,0x00000000ff300000)
 ParOldGen       total 234496K, used 185981K [0x00000000c0000000, 0x00000000ce500000, 0x00000000eaa80000)
  object space 234496K, 79% used [0x00000000c0000000,0x00000000cb59f708,0x00000000ce500000)
 PSPermGen       total 194048K, used 155936K [0x00000000b0000000, 0x00000000bbd80000, 0x00000000c0000000)
  object space 194048K, 80% used [0x00000000b0000000,0x00000000b9848008,0x00000000bbd80000)
Event: 854,119 GC heap after
Heap after GC invocations=31 (full 7):
 PSYoungGen      total 242688K, used 30378K [0x00000000eaa80000, 0x00000000fe480000, 0x0000000100000000)
  eden space 185344K, 0% used [0x00000000eaa80000,0x00000000eaa80000,0x00000000f5f80000)
  from space 57344K, 52% used [0x00000000fac80000,0x00000000fca2aaf0,0x00000000fe480000)
  to   space 68096K, 0% used [0x00000000f5f80000,0x00000000f5f80000,0x00000000fa200000)
 ParOldGen       total 234496K, used 185981K [0x00000000c0000000, 0x00000000ce500000, 0x00000000eaa80000)
  object space 234496K, 79% used [0x00000000c0000000,0x00000000cb59f708,0x00000000ce500000)
 PSPermGen       total 194048K, used 155936K [0x00000000b0000000, 0x00000000bbd80000, 0x00000000c0000000)
  object space 194048K, 80% used [0x00000000b0000000,0x00000000b9848008,0x00000000bbd80000)
}
Event: 880,828 GC heap before
{Heap before GC invocations=32 (full 7):
 PSYoungGen      total 242688K, used 215722K [0x00000000eaa80000, 0x00000000fe480000, 0x0000000100000000)
  eden space 185344K, 100% used [0x00000000eaa80000,0x00000000f5f80000,0x00000000f5f80000)
  from space 57344K, 52% used [0x00000000fac80000,0x00000000fca2aaf0,0x00000000fe480000)
  to   space 68096K, 0% used [0x00000000f5f80000,0x00000000f5f80000,0x00000000fa200000)
 ParOldGen       total 234496K, used 185981K [0x00000000c0000000, 0x00000000ce500000, 0x00000000eaa80000)
  object space 234496K, 79% used [0x00000000c0000000,0x00000000cb59f708,0x00000000ce500000)
 PSPermGen       total 194048K, used 158727K [0x00000000b0000000, 0x00000000bbd80000, 0x00000000c0000000)
  object space 194048K, 81% used [0x00000000b0000000,0x00000000b9b01fc8,0x00000000bbd80000)
Event: 880,862 GC heap after
Heap after GC invocations=32 (full 7):
 PSYoungGen      total 215552K, used 36652K [0x00000000eaa80000, 0x00000000fdc00000, 0x0000000100000000)
  eden space 178688K, 0% used [0x00000000eaa80000,0x00000000eaa80000,0x00000000f5900000)
  from space 36864K, 99% used [0x00000000f5f80000,0x00000000f834b1a0,0x00000000f8380000)
  to   space 67072K, 0% used [0x00000000f9a80000,0x00000000f9a80000,0x00000000fdc00000)
 ParOldGen       total 234496K, used 185981K [0x00000000c0000000, 0x00000000ce500000, 0x00000000eaa80000)
  object space 234496K, 79% used [0x00000000c0000000,0x00000000cb59f708,0x00000000ce500000)
 PSPermGen       total 194048K, used 158727K [0x00000000b0000000, 0x00000000bbd80000, 0x00000000c0000000)
  object space 194048K, 81% used [0x00000000b0000000,0x00000000b9b01fc8,0x00000000bbd80000)
}

