# JRE version: OpenJDK Runtime Environment (7.0_75-b13) (build 1.7.0_75-b13)
# Java VM: OpenJDK 64-Bit Server VM (24.75-b04 mixed mode linux-amd64 compressed oops)
Heap
 PSYoungGen      total 219648K, used 139777K [0x00000000eaa80000, 0x00000000fb480000, 0x0000000100000000)
  eden space 171008K, 67% used [0x00000000eaa80000,0x00000000f1bb3608,0x00000000f5180000)
  from space 48640K, 49% used [0x00000000f8500000,0x00000000f9c4ce38,0x00000000fb480000)
  to   space 50688K, 0% used [0x00000000f5180000,0x00000000f5180000,0x00000000f8300000)
 ParOldGen       total 352768K, used 136287K [0x00000000c0000000, 0x00000000d5880000, 0x00000000eaa80000)
  object space 352768K, 38% used [0x00000000c0000000,0x00000000c8517c88,0x00000000d5880000)
 PSPermGen       total 255488K, used 241728K [0x00000000b0000000, 0x00000000bf980000, 0x00000000c0000000)
  object space 255488K, 94% used [0x00000000b0000000,0x00000000bec10348,0x00000000bf980000)
GC Heap History (10 events):
Event: 8958,888 GC heap before
{Heap before GC invocations=142 (full 37):
 PSYoungGen      total 226304K, used 190264K [0x00000000eaa80000, 0x00000000fbe80000, 0x0000000100000000)
  eden space 171008K, 100% used [0x00000000eaa80000,0x00000000f5180000,0x00000000f5180000)
  from space 55296K, 34% used [0x00000000f8880000,0x00000000f9b4e350,0x00000000fbe80000)
  to   space 55808K, 0% used [0x00000000f5180000,0x00000000f5180000,0x00000000f8800000)
 ParOldGen       total 352768K, used 104308K [0x00000000c0000000, 0x00000000d5880000, 0x00000000eaa80000)
  object space 352768K, 29% used [0x00000000c0000000,0x00000000c65dd000,0x00000000d5880000)
 PSPermGen       total 237568K, used 217543K [0x00000000b0000000, 0x00000000be800000, 0x00000000c0000000)
  object space 237568K, 91% used [0x00000000b0000000,0x00000000bd471d08,0x00000000be800000)
Event: 8958,909 GC heap after
Heap after GC invocations=142 (full 37):
 PSYoungGen      total 195072K, used 23696K [0x00000000eaa80000, 0x00000000fba00000, 0x0000000100000000)
  eden space 171008K, 0% used [0x00000000eaa80000,0x00000000eaa80000,0x00000000f5180000)
  from space 24064K, 98% used [0x00000000f5180000,0x00000000f68a4388,0x00000000f6900000)
  to   space 53248K, 0% used [0x00000000f8600000,0x00000000f8600000,0x00000000fba00000)
 ParOldGen       total 352768K, used 104308K [0x00000000c0000000, 0x00000000d5880000, 0x00000000eaa80000)
  object space 352768K, 29% used [0x00000000c0000000,0x00000000c65dd000,0x00000000d5880000)
 PSPermGen       total 237568K, used 217543K [0x00000000b0000000, 0x00000000be800000, 0x00000000c0000000)
  object space 237568K, 91% used [0x00000000b0000000,0x00000000bd471d08,0x00000000be800000)
}
Event: 8960,447 GC heap before
{Heap before GC invocations=143 (full 37):
 PSYoungGen      total 195072K, used 192171K [0x00000000eaa80000, 0x00000000fba00000, 0x0000000100000000)
  eden space 171008K, 98% used [0x00000000eaa80000,0x00000000f4f06940,0x00000000f5180000)
  from space 24064K, 98% used [0x00000000f5180000,0x00000000f68a4388,0x00000000f6900000)
  to   space 53248K, 0% used [0x00000000f8600000,0x00000000f8600000,0x00000000fba00000)
 ParOldGen       total 352768K, used 104308K [0x00000000c0000000, 0x00000000d5880000, 0x00000000eaa80000)
  object space 352768K, 29% used [0x00000000c0000000,0x00000000c65dd000,0x00000000d5880000)
 PSPermGen       total 237568K, used 224423K [0x00000000b0000000, 0x00000000be800000, 0x00000000c0000000)
  object space 237568K, 94% used [0x00000000b0000000,0x00000000bdb29c20,0x00000000be800000)
Event: 8960,479 GC heap after
Heap after GC invocations=143 (full 37):
 PSYoungGen      total 223744K, used 36051K [0x00000000eaa80000, 0x00000000fbc00000, 0x0000000100000000)
  eden space 170496K, 0% used [0x00000000eaa80000,0x00000000eaa80000,0x00000000f5100000)
  from space 53248K, 67% used [0x00000000f8600000,0x00000000fa934d68,0x00000000fba00000)
  to   space 54272K, 0% used [0x00000000f5100000,0x00000000f5100000,0x00000000f8600000)
 ParOldGen       total 352768K, used 104308K [0x00000000c0000000, 0x00000000d5880000, 0x00000000eaa80000)
  object space 352768K, 29% used [0x00000000c0000000,0x00000000c65dd000,0x00000000d5880000)
 PSPermGen       total 237568K, used 224423K [0x00000000b0000000, 0x00000000be800000, 0x00000000c0000000)
  object space 237568K, 94% used [0x00000000b0000000,0x00000000bdb29c20,0x00000000be800000)
}
Event: 8960,479 GC heap before
{Heap before GC invocations=144 (full 38):
 PSYoungGen      total 223744K, used 36051K [0x00000000eaa80000, 0x00000000fbc00000, 0x0000000100000000)
  eden space 170496K, 0% used [0x00000000eaa80000,0x00000000eaa80000,0x00000000f5100000)
  from space 53248K, 67% used [0x00000000f8600000,0x00000000fa934d68,0x00000000fba00000)
  to   space 54272K, 0% used [0x00000000f5100000,0x00000000f5100000,0x00000000f8600000)
 ParOldGen       total 352768K, used 104308K [0x00000000c0000000, 0x00000000d5880000, 0x00000000eaa80000)
  object space 352768K, 29% used [0x00000000c0000000,0x00000000c65dd000,0x00000000d5880000)
 PSPermGen       total 237568K, used 224423K [0x00000000b0000000, 0x00000000be800000, 0x00000000c0000000)
  object space 237568K, 94% used [0x00000000b0000000,0x00000000bdb29c20,0x00000000be800000)
Event: 8961,075 GC heap after
Heap after GC invocations=144 (full 38):
 PSYoungGen      total 223744K, used 0K [0x00000000eaa80000, 0x00000000fbc00000, 0x0000000100000000)
  eden space 170496K, 0% used [0x00000000eaa80000,0x00000000eaa80000,0x00000000f5100000)
  from space 53248K, 0% used [0x00000000f8600000,0x00000000f8600000,0x00000000fba00000)
  to   space 54272K, 0% used [0x00000000f5100000,0x00000000f5100000,0x00000000f8600000)
 ParOldGen       total 352768K, used 136279K [0x00000000c0000000, 0x00000000d5880000, 0x00000000eaa80000)
  object space 352768K, 38% used [0x00000000c0000000,0x00000000c8515c88,0x00000000d5880000)
 PSPermGen       total 255488K, used 224342K [0x00000000b0000000, 0x00000000bf980000, 0x00000000c0000000)
  object space 255488K, 87% used [0x00000000b0000000,0x00000000bdb15ae0,0x00000000bf980000)
}
Event: 8991,451 GC heap before
{Heap before GC invocations=145 (full 38):
 PSYoungGen      total 223744K, used 170496K [0x00000000eaa80000, 0x00000000fbc00000, 0x0000000100000000)
  eden space 170496K, 100% used [0x00000000eaa80000,0x00000000f5100000,0x00000000f5100000)
  from space 53248K, 0% used [0x00000000f8600000,0x00000000f8600000,0x00000000fba00000)
  to   space 54272K, 0% used [0x00000000f5100000,0x00000000f5100000,0x00000000f8600000)
 ParOldGen       total 352768K, used 136279K [0x00000000c0000000, 0x00000000d5880000, 0x00000000eaa80000)
  object space 352768K, 38% used [0x00000000c0000000,0x00000000c8515c88,0x00000000d5880000)
 PSPermGen       total 255488K, used 231574K [0x00000000b0000000, 0x00000000bf980000, 0x00000000c0000000)
  object space 255488K, 90% used [0x00000000b0000000,0x00000000be225bc0,0x00000000bf980000)
Event: 8991,470 GC heap after
Heap after GC invocations=145 (full 38):
 PSYoungGen      total 189952K, used 19371K [0x00000000eaa80000, 0x00000000fb880000, 0x0000000100000000)
  eden space 170496K, 0% used [0x00000000eaa80000,0x00000000eaa80000,0x00000000f5100000)
  from space 19456K, 99% used [0x00000000f5100000,0x00000000f63eaea0,0x00000000f6400000)
  to   space 52736K, 0% used [0x00000000f8500000,0x00000000f8500000,0x00000000fb880000)
 ParOldGen       total 352768K, used 136279K [0x00000000c0000000, 0x00000000d5880000, 0x00000000eaa80000)
  object space 352768K, 38% used [0x00000000c0000000,0x00000000c8515c88,0x00000000d5880000)
 PSPermGen       total 255488K, used 231574K [0x00000000b0000000, 0x00000000bf980000, 0x00000000c0000000)
  object space 255488K, 90% used [0x00000000b0000000,0x00000000be225bc0,0x00000000bf980000)
}
Event: 9027,540 GC heap before
{Heap before GC invocations=146 (full 38):
 PSYoungGen      total 189952K, used 189867K [0x00000000eaa80000, 0x00000000fb880000, 0x0000000100000000)
  eden space 170496K, 100% used [0x00000000eaa80000,0x00000000f5100000,0x00000000f5100000)
  from space 19456K, 99% used [0x00000000f5100000,0x00000000f63eaea0,0x00000000f6400000)
  to   space 52736K, 0% used [0x00000000f8500000,0x00000000f8500000,0x00000000fb880000)
 ParOldGen       total 352768K, used 136279K [0x00000000c0000000, 0x00000000d5880000, 0x00000000eaa80000)
  object space 352768K, 38% used [0x00000000c0000000,0x00000000c8515c88,0x00000000d5880000)
 PSPermGen       total 255488K, used 236257K [0x00000000b0000000, 0x00000000bf980000, 0x00000000c0000000)
  object space 255488K, 92% used [0x00000000b0000000,0x00000000be6b8500,0x00000000bf980000)
Event: 9027,562 GC heap after
Heap after GC invocations=146 (full 38):
 PSYoungGen      total 219648K, used 23859K [0x00000000eaa80000, 0x00000000fb480000, 0x0000000100000000)
  eden space 171008K, 0% used [0x00000000eaa80000,0x00000000eaa80000,0x00000000f5180000)
  from space 48640K, 49% used [0x00000000f8500000,0x00000000f9c4ce38,0x00000000fb480000)
  to   space 50688K, 0% used [0x00000000f5180000,0x00000000f5180000,0x00000000f8300000)
 ParOldGen       total 352768K, used 136287K [0x00000000c0000000, 0x00000000d5880000, 0x00000000eaa80000)
  object space 352768K, 38% used [0x00000000c0000000,0x00000000c8517c88,0x00000000d5880000)
 PSPermGen       total 255488K, used 236257K [0x00000000b0000000, 0x00000000bf980000, 0x00000000c0000000)
  object space 255488K, 92% used [0x00000000b0000000,0x00000000be6b8500,0x00000000bf980000)
}

